\BOOKMARK [0][-]{Doc-Start}{Περιεχόμενα}{}% 1
\BOOKMARK [0][-]{section*.2}{Κατάλογος Σχημάτων}{}% 2
\BOOKMARK [0][-]{section*.4}{Κατάλογος Πινάκων}{}% 3
\BOOKMARK [0][-]{chapter.1}{Εισαγωγή}{}% 4
\BOOKMARK [1][-]{section.1.1}{Σκοπός}{chapter.1}% 5
\BOOKMARK [1][-]{section.1.2}{Γενικές απαιτήσεις}{chapter.1}% 6
\BOOKMARK [0][-]{chapter.2}{Τεχνική ανάλυση}{}% 7
\BOOKMARK [1][-]{section.2.1}{Εισαγωγή}{chapter.2}% 8
\BOOKMARK [1][-]{section.2.2}{Πτητική μηχανή}{chapter.2}% 9
\BOOKMARK [2][-]{subsection.2.2.1}{Πλατφόρμα πτήσης και προσγείωσης}{section.2.2}% 10
\BOOKMARK [2][-]{subsection.2.2.2}{Αυτόματος πιλότος και χειριστήριο εδάφους}{section.2.2}% 11
\BOOKMARK [2][-]{subsection.2.2.3}{Επίγειος σταθμός παρατήρησης και ελέγχου πτήσης}{section.2.2}% 12
\BOOKMARK [1][-]{section.2.3}{Σύστημα λήψης εικόνας}{chapter.2}% 13
\BOOKMARK [2][-]{subsection.2.3.1}{Πλατφόρμα της μηχανής}{section.2.3}% 14
\BOOKMARK [2][-]{subsection.2.3.2}{Αυτόματος πιλότος για την πλατφόρμα της μηχανής}{section.2.3}% 15
\BOOKMARK [2][-]{subsection.2.3.3}{Επίγειος σταθμός ελέγχου της πλατφόρμας της μηχανής}{section.2.3}% 16
\BOOKMARK [2][-]{subsection.2.3.4}{Μηχανή}{section.2.3}% 17
\BOOKMARK [2][-]{subsection.2.3.5}{Σταθμός ελέγχου της μηχανής}{section.2.3}% 18
\BOOKMARK [2][-]{subsection.2.3.6}{Εναέριος σταθμός μετάδοσης εικόνας}{section.2.3}% 19
\BOOKMARK [2][-]{subsection.2.3.7}{Επίγειος σταθμός λήψης σύγχρονης εικόνας}{section.2.3}% 20
\BOOKMARK [2][-]{subsection.2.3.8}{Επίγειος σταθμός καταγραφής σύγχρονης εικόνας}{section.2.3}% 21
\BOOKMARK [1][-]{section.2.4}{Λοιπές παρατηρήσεις}{chapter.2}% 22
\BOOKMARK [0][-]{chapter.3}{Νομική ανάλυση}{}% 23
\BOOKMARK [1][-]{section.3.1}{Νομικό πλαίσιο αερομοντέλων και μη επανδρωμένων αεροναυτικών οχημάτων}{chapter.3}% 24
\BOOKMARK [2][-]{subsection.3.1.1}{Κατηγορία πολυπτέρου}{section.3.1}% 25
\BOOKMARK [2][-]{subsection.3.1.2}{Περιορισμοί για το πολύπτερο}{section.3.1}% 26
\BOOKMARK [2][-]{subsection.3.1.3}{Περιορισμοί για τον χειριστή}{section.3.1}% 27
\BOOKMARK [2][-]{subsection.3.1.4}{Περιορισμοί για τις πτήσεις}{section.3.1}% 28
\BOOKMARK [2][-]{subsection.3.1.5}{Εκμετάλλευση πολυπτέρου}{section.3.1}% 29
\BOOKMARK [2][-]{subsection.3.1.6}{Παραβάσεις}{section.3.1}% 30
\BOOKMARK [1][-]{section.3.2}{Νομικό πλαίσιο τηλεπικοινωνιών}{chapter.3}% 31
\BOOKMARK [2][-]{subsection.3.2.1}{Ισχύον Θεσμικό πλαίσιο}{section.3.2}% 32
\BOOKMARK [2][-]{subsection.3.2.2}{Ορισμοί}{section.3.2}% 33
\BOOKMARK [2][-]{subsection.3.2.3}{Κατηγοριοποίηση συστήματος πολυπτέρου}{section.3.2}% 34
\BOOKMARK [2][-]{subsection.3.2.4}{Ανάλυση επιτρεπόμενων εφαρμογών σε εν δυνάμει χρησιμοποιήσιμες ζώνες συχνοτήτων}{section.3.2}% 35
\BOOKMARK [2][-]{subsection.3.2.5}{Επιλογή ζωνών συχνοτήτων}{section.3.2}% 36
\BOOKMARK [0][-]{section*.106}{Βιβλιογραφία}{}% 37
