\BOOKMARK [0][-]{section*.2}{Περιεχόμενα}{}% 1
\BOOKMARK [0][-]{section*.4}{Κατάλογος Σχημάτων}{}% 2
\BOOKMARK [0][-]{section*.6}{Κατάλογος Πινάκων}{}% 3
\BOOKMARK [0][-]{chapter.1}{Εισαγωγή}{}% 4
\BOOKMARK [1][-]{section.1.1}{Σκοπός}{chapter.1}% 5
\BOOKMARK [1][-]{section.1.2}{Γενικές απαιτήσεις}{chapter.1}% 6
\BOOKMARK [0][-]{chapter.2}{Τεχνική ανάλυση}{}% 7
\BOOKMARK [1][-]{section.2.1}{Εισαγωγή}{chapter.2}% 8
\BOOKMARK [1][-]{section.2.2}{Πτητική μηχανή}{chapter.2}% 9
\BOOKMARK [2][-]{subsection.2.2.1}{Πλατφόρμα πτήσης και προσγείωσης}{section.2.2}% 10
\BOOKMARK [2][-]{subsection.2.2.2}{Αυτόματος πιλότος και χειριστήριο εδάφους}{section.2.2}% 11
\BOOKMARK [2][-]{subsection.2.2.3}{Επίγειος σταθμός παρατήρησης και ελέγχου πτήσης}{section.2.2}% 12
\BOOKMARK [1][-]{section.2.3}{Σύστημα λήψης εικόνας}{chapter.2}% 13
\BOOKMARK [0][-]{chapter.3}{Νομική ανάλυση}{}% 14
\BOOKMARK [1][-]{section.3.1}{Νομικό πλαίσιο αερομοντέλων και μη επανδρωμένων αεροναυτικών οχημάτων}{chapter.3}% 15
\BOOKMARK [2][-]{subsection.3.1.1}{Κατηγορία πολυπτέρου}{section.3.1}% 16
\BOOKMARK [2][-]{subsection.3.1.2}{Περιορισμοί για το πολύπτερο}{section.3.1}% 17
\BOOKMARK [2][-]{subsection.3.1.3}{Περιορισμοί για τον χειριστή}{section.3.1}% 18
\BOOKMARK [2][-]{subsection.3.1.4}{Περιορισμοί για τις πτήσεις}{section.3.1}% 19
\BOOKMARK [2][-]{subsection.3.1.5}{Εκμετάλλευση πολυπτέρου}{section.3.1}% 20
\BOOKMARK [2][-]{subsection.3.1.6}{Παραβάσεις}{section.3.1}% 21
\BOOKMARK [1][-]{section.3.2}{Νομικό πλαίσιο τηλεπικοινωνιών}{chapter.3}% 22
\BOOKMARK [2][-]{subsection.3.2.1}{Ισχύον Θεσμικό πλαίσιο}{section.3.2}% 23
\BOOKMARK [2][-]{subsection.3.2.2}{Ορισμοί}{section.3.2}% 24
\BOOKMARK [2][-]{subsection.3.2.3}{Κατηγοριοποίηση συστήματος πολυπτέρου}{section.3.2}% 25
\BOOKMARK [2][-]{subsection.3.2.4}{Ανάλυση επιτρεπόμενων εφαρμογών σε εν δυνάμει χρησιμοποιήσιμες ζώνες συχνοτήτων}{section.3.2}% 26
\BOOKMARK [2][-]{subsection.3.2.5}{Επιλογή ζωνών συχνοτήτων}{section.3.2}% 27
\BOOKMARK [0][-]{chapter.4}{Προτεινόμενα ολοκληρωμένες λύσεις}{}% 28
\BOOKMARK [0][-]{section*.111}{Βιβλιογραφία}{}% 29
