This is XeTeX, Version 3.1415926-2.4-0.9998 (TeX Live 2012/W32TeX) (format=xelatex 2012.7.19)  11 SEP 2012 06:30
entering extended mode
 restricted \write18 enabled.
 %&-line parsing enabled.
**TechnicalReportNo1.tex
(./TechnicalReportNo1.tex
LaTeX2e <2011/06/27>
Babel <v3.8m> and hyphenation patterns for english, dumylang, nohyphenation, ge
rman-x-2012-05-30, ngerman-x-2012-05-30, afrikaans, ancientgreek, ibycus, arabi
c, armenian, basque, bulgarian, catalan, pinyin, coptic, croatian, czech, danis
h, dutch, ukenglish, usenglishmax, esperanto, estonian, ethiopic, farsi, finnis
h, french, friulan, galician, german, ngerman, swissgerman, monogreek, greek, h
ungarian, icelandic, assamese, bengali, gujarati, hindi, kannada, malayalam, ma
rathi, oriya, panjabi, tamil, telugu, indonesian, interlingua, irish, italian, 
kurmanji, latin, latvian, lithuanian, mongolian, mongolianlmc, bokmal, nynorsk,
 polish, portuguese, romanian, romansh, russian, sanskrit, serbian, serbianc, s
lovak, slovenian, spanish, swedish, turkish, turkmen, ukrainian, uppersorbian, 
welsh, loaded.
(c:/Program Files (x86)/texlive/2012/texmf-dist/tex/latex/base/report.cls
Document Class: report 2007/10/19 v1.4h Standard LaTeX document class
(c:/Program Files (x86)/texlive/2012/texmf-dist/tex/latex/base/size12.clo
File: size12.clo 2007/10/19 v1.4h Standard LaTeX file (size option)
)
\c@part=\count80
\c@chapter=\count81
\c@section=\count82
\c@subsection=\count83
\c@subsubsection=\count84
\c@paragraph=\count85
\c@subparagraph=\count86
\c@figure=\count87
\c@table=\count88
\abovecaptionskip=\skip41
\belowcaptionskip=\skip42
\bibindent=\dimen102
)
(c:/Program Files (x86)/texlive/2012/texmf-dist/tex/latex/fontspec/fontspec.sty
Package: fontspec 2012/05/06 v2.2b Advanced font selection for XeLaTeX/LuaLaTeX

(c:/Program Files (x86)/texlive/2012/texmf-dist/tex/latex/l3kernel/expl3.sty
(c:/Program Files (x86)/texlive/2012/texmf-dist/tex/latex/l3kernel/l3names.sty
(c:/Program Files (x86)/texlive/2012/texmf-dist/tex/latex/l3kernel/l3bootstrap.
sty
Package: l3bootstrap 2011/12/29 v3110 L3 Experimental bootstrap code
)
Package: l3names 2012/03/04 v3494 L3 Experimental namespace for primitives
)
(c:/Program Files (x86)/texlive/2012/texmf-dist/tex/latex/etex-pkg/etex.sty
Package: etex 1998/03/26 v2.0 eTeX basic definition package (PEB)
\et@xins=\count89
)
Package: expl3 2012/04/23 v3570 L3 Experimental code bundle wrapper

(c:/Program Files (x86)/texlive/2012/texmf-dist/tex/latex/graphics/color.sty
Package: color 2005/11/14 v1.0j Standard LaTeX Color (DPC)

(c:/Program Files (x86)/texlive/2012/texmf-dist/tex/latex/latexconfig/color.cfg
File: color.cfg 2007/01/18 v1.5 color configuration of teTeX/TeXLive
)
Package color Info: Driver file: xetex.def on input line 130.

(c:/Program Files (x86)/texlive/2012/texmf-dist/tex/xelatex/xetex-def/xetex.def
File: xetex.def 2009/11/22 v0.94 LaTeX color/graphics driver for XeTeX (RRM/JK)

))
(c:/Program Files (x86)/texlive/2012/texmf-dist/tex/latex/graphics/graphics.sty
Package: graphics 2009/02/05 v1.0o Standard LaTeX Graphics (DPC,SPQR)
(c:/Program Files (x86)/texlive/2012/texmf-dist/tex/latex/graphics/trig.sty
Package: trig 1999/03/16 v1.09 sin cos tan (DPC)
)
(c:/Program Files (x86)/texlive/2012/texmf-dist/tex/latex/latexconfig/graphics.
cfg
File: graphics.cfg 2010/04/23 v1.9 graphics configuration of TeX Live
)
Package graphics Info: Driver file: xetex.def on input line 91.
)
(c:/Program Files (x86)/texlive/2012/texmf-dist/tex/latex/l3kernel/l3basics.sty
Package: l3basics 2012/03/04 v3491 L3 Experimental basic definitions
)
(c:/Program Files (x86)/texlive/2012/texmf-dist/tex/latex/l3kernel/l3expan.sty
Package: l3expan 2012/02/26 v3460 L3 Experimental argument expansion
) (c:/Program Files (x86)/texlive/2012/texmf-dist/tex/latex/l3kernel/l3tl.sty
Package: l3tl 2012/03/04 v3490 L3 Experimental token lists
)
(c:/Program Files (x86)/texlive/2012/texmf-dist/tex/latex/l3kernel/l3seq.sty
Package: l3seq 2012/03/04 v3490 L3 Experimental sequences and stacks
)
(c:/Program Files (x86)/texlive/2012/texmf-dist/tex/latex/l3kernel/l3int.sty
Package: l3int 2012/03/04 v3490 L3 Experimental integers
\c_max_int=\count90
\l_tmpa_int=\count91
\l_tmpb_int=\count92
\l_tmpc_int=\count93
\g_tmpa_int=\count94
\g_tmpb_int=\count95
)
(c:/Program Files (x86)/texlive/2012/texmf-dist/tex/latex/l3kernel/l3quark.sty
Package: l3quark 2012/02/12 v3384 L3 Experimental quarks
) (c:/Program Files (x86)/texlive/2012/texmf-dist/tex/latex/l3kernel/l3prg.sty
Package: l3prg 2012/03/04 v3490 L3 Experimental control structures
\g_prg_map_int=\count96
)
(c:/Program Files (x86)/texlive/2012/texmf-dist/tex/latex/l3kernel/l3clist.sty
Package: l3clist 2012/03/04 v3490 L3 Experimental comma separated lists
) (c:/Program Files (x86)/texlive/2012/texmf-dist/tex/latex/l3kernel/l3token.st
y
Package: l3token 2012/03/04 v3491 L3 Experimental token manipulation
) (c:/Program Files (x86)/texlive/2012/texmf-dist/tex/latex/l3kernel/l3prop.sty
Package: l3prop 2012/03/04 v3490 L3 Experimental property lists
) (c:/Program Files (x86)/texlive/2012/texmf-dist/tex/latex/l3kernel/l3msg.sty
Package: l3msg 2012/04/23 v3568 L3 Experimental messages
) (c:/Program Files (x86)/texlive/2012/texmf-dist/tex/latex/l3kernel/l3file.sty
Package: l3file 2012/03/09 v3520 L3 Experimental file and I/O operations
\l_iow_stream_int=\count97
\l_iow_line_length_int=\count98
\l_iow_target_length_int=\count99
\l_iow_current_line_int=\count100
\l_iow_current_word_int=\count101
\l_iow_current_indentation_int=\count102
) (c:/Program Files (x86)/texlive/2012/texmf-dist/tex/latex/l3kernel/l3skip.sty
Package: l3skip 2012/03/05 v3499 L3 Experimental dimensions and skips
\l_tmpa_dim=\dimen103
\l_tmpb_dim=\dimen104
\l_tmpc_dim=\dimen105
\g_tmpa_dim=\dimen106
\g_tmpb_dim=\dimen107
\l_tmpa_skip=\skip43
\l_tmpb_skip=\skip44
\l_tmpc_skip=\skip45
\g_tmpa_skip=\skip46
\g_tmpb_skip=\skip47
) (c:/Program Files (x86)/texlive/2012/texmf-dist/tex/latex/l3kernel/l3keys.sty
Package: l3keys 2012/03/03 v3487 L3 Experimental key-value interfaces
\g_keyval_level_int=\count103
\l_keys_choice_int=\count104
) (c:/Program Files (x86)/texlive/2012/texmf-dist/tex/latex/l3kernel/l3fp.sty
Package: l3fp 2012/03/04 v3490 L3 Experimental floating-point operations
\c_one_hundred_million=\count105
\c_five_hundred_million=\count106
\c_one_thousand_million=\count107
\c_fp_pi_by_four_decimal_int=\count108
\c_fp_pi_by_four_extended_int=\count109
\c_fp_pi_decimal_int=\count110
\c_fp_pi_extended_int=\count111
\c_fp_two_pi_decimal_int=\count112
\c_fp_two_pi_extended_int=\count113
\l_fp_count_int=\count114
\l_fp_div_offset_int=\count115
\l_fp_exp_integer_int=\count116
\l_fp_exp_decimal_int=\count117
\l_fp_exp_extended_int=\count118
\l_fp_exp_exponent_int=\count119
\l_fp_input_a_sign_int=\count120
\l_fp_input_a_integer_int=\count121
\l_fp_input_a_decimal_int=\count122
\l_fp_input_a_exponent_int=\count123
\l_fp_input_b_sign_int=\count124
\l_fp_input_b_integer_int=\count125
\l_fp_input_b_decimal_int=\count126
\l_fp_input_b_exponent_int=\count127
\l_fp_input_a_extended_int=\count128
\l_fp_input_b_extended_int=\count129
\l_fp_mul_a_i_int=\count130
\l_fp_mul_a_ii_int=\count131
\l_fp_mul_a_iii_int=\count132
\l_fp_mul_a_iv_int=\count133
\l_fp_mul_a_v_int=\count134
\l_fp_mul_a_vi_int=\count135
\l_fp_mul_b_i_int=\count136
\l_fp_mul_b_ii_int=\count137
\l_fp_mul_b_iii_int=\count138
\l_fp_mul_b_iv_int=\count139
\l_fp_mul_b_v_int=\count140
\l_fp_mul_b_vi_int=\count141
\l_fp_mul_output_int=\count142
\l_fp_output_sign_int=\count143
\l_fp_output_integer_int=\count144
\l_fp_output_decimal_int=\count145
\l_fp_output_exponent_int=\count146
\l_fp_output_extended_int=\count147
\l_fp_round_position_int=\count148
\l_fp_round_target_int=\count149
\l_fp_split_sign_int=\count150
\l_fp_internal_int=\count151
\l_fp_trig_octant_int=\count152
\l_fp_trig_sign_int=\count153
\l_fp_trig_decimal_int=\count154
\l_fp_trig_extended_int=\count155
\l_fp_internal_dim=\dimen108
\l_fp_internal_skip=\skip48
)
(c:/Program Files (x86)/texlive/2012/texmf-dist/tex/latex/l3kernel/l3box.sty
Package: l3box 2012/03/04 v3490 L3 Experimental boxes
\l_tmpb_box=\box26
\l_box_top_dim=\dimen109
\l_box_bottom_dim=\dimen110
\l_box_left_dim=\dimen111
\l_box_right_dim=\dimen112
\l_box_top_new_dim=\dimen113
\l_box_bottom_new_dim=\dimen114
\l_box_left_new_dim=\dimen115
\l_box_right_new_dim=\dimen116
\l_box_internal_box=\box27
)
(c:/Program Files (x86)/texlive/2012/texmf-dist/tex/latex/l3kernel/l3coffins.st
y
Package: l3coffins 2012/03/03 v3482 L3 Experimental coffin code layer
\l_coffin_internal_box=\box28
\l_coffin_internal_dim=\dimen117
\l_coffin_offset_x_dim=\dimen118
\l_coffin_offset_y_dim=\dimen119
\l_coffin_x_dim=\dimen120
\l_coffin_y_dim=\dimen121
\l_coffin_x_prime_dim=\dimen122
\l_coffin_y_prime_dim=\dimen123
\l_coffin_Depth_dim=\dimen124
\l_coffin_Height_dim=\dimen125
\l_coffin_TotalHeight_dim=\dimen126
\l_coffin_Width_dim=\dimen127
\c_empty_coffin=\box29
\l_coffin_aligned_coffin=\box30
\l_coffin_aligned_internal_coffin=\box31
\l_coffin_bounding_shift_dim=\dimen128
\l_coffin_left_corner_dim=\dimen129
\l_coffin_right_corner_dim=\dimen130
\l_coffin_bottom_corner_dim=\dimen131
\l_coffin_top_corner_dim=\dimen132
\l_coffin_scaled_total_height_dim=\dimen133
\l_coffin_scaled_width_dim=\dimen134
\l_coffin_display_coffin=\box32
\l_coffin_display_coord_coffin=\box33
\l_coffin_display_pole_coffin=\box34
\l_coffin_display_offset_dim=\dimen135
\l_coffin_display_x_dim=\dimen136
\l_coffin_display_y_dim=\dimen137
)
(c:/Program Files (x86)/texlive/2012/texmf-dist/tex/latex/l3kernel/l3color.sty
Package: l3color 2011/09/07 v2776 L3 Experimental colour support
)
(c:/Program Files (x86)/texlive/2012/texmf-dist/tex/latex/l3kernel/l3luatex.sty
Package: l3luatex 2012/02/09 v3355 L3 Experimental LuaTeX-specific functions
\g_cctab_allocate_int=\count156
\g_cctab_stack_int=\count157
))
(c:/Program Files (x86)/texlive/2012/texmf-dist/tex/latex/l3packages/xparse/xpa
rse.sty
Package: xparse 2012/04/23 v3570 L3 Experimental document command parser
\l_xparse_current_arg_int=\count158
\l_xparse_m_args_int=\count159
\l_xparse_mandatory_args_int=\count160
\l_xparse_processor_int=\count161
\l_xparse_v_nesting_int=\count162
)
\l_fontspec_script_int=\count163
\l_fontspec_language_int=\count164
\l_fontspec_strnum_int=\count165
\l_fontspec_tmpa_dim=\dimen138
\l_fontspec_tmpb_dim=\dimen139
\l_fontspec_tmpc_dim=\dimen140
Variant \tl_gset:cV already defined; not changing it on line 66

(c:/Program Files (x86)/texlive/2012/texmf-dist/tex/latex/fontspec/fontspec-pat
ches.sty
Package: fontspec-patches 2012/05/06 v2.2b Advanced font selection for XeLaTeX/
LuaLaTeX

(c:/Program Files (x86)/texlive/2012/texmf-dist/tex/latex/base/fixltx2e.sty
Package: fixltx2e 2006/09/13 v1.1m fixes to LaTeX
LaTeX Info: Redefining \em on input line 420.
)
LaTeX Info: Redefining \em on input line 22.
LaTeX Info: Redefining \emph on input line 29.
LaTeX Info: Redefining \- on input line 32.

*************************************************
* LaTeX warning: "xparse/redefine-command"
* 
* Redefining document command \oldstylenums with arg. spec. 'm' on line 107.
*************************************************
.................................................
. LaTeX info: "xparse/define-command"
. 
. Defining document command \liningnums with arg. spec. 'm' on line 111.
.................................................
)
(c:/Program Files (x86)/texlive/2012/texmf-dist/tex/latex/fontspec/fontspec-xet
ex.sty
Package: fontspec-xetex 2012/05/06 v2.2b Advanced font selection for XeLaTeX/Lu
aLaTeX

(c:/Program Files (x86)/texlive/2012/texmf-dist/tex/latex/base/fontenc.sty
Package: fontenc 2005/09/27 v1.99g Standard LaTeX package

(c:/Program Files (x86)/texlive/2012/texmf-dist/tex/latex/euenc/eu1enc.def
File: eu1enc.def 2010/05/27 v0.1h Experimental Unicode font encodings
)
LaTeX Font Info:    Try loading font information for EU1+lmr on input line 100.


(c:/Program Files (x86)/texlive/2012/texmf-dist/tex/latex/euenc/eu1lmr.fd
File: eu1lmr.fd 2009/10/30 v1.6 Font defs for Latin Modern
))
(c:/Program Files (x86)/texlive/2012/texmf-dist/tex/xelatex/xunicode/xunicode.s
ty
File: xunicode.sty 2011/09/09 v0.981 provides access to latin accents and many 
other characters in Unicode lower plane
 (c:/Program Files (x86)/texlive/2012/texmf-dist/tex/latex/tipa/t3enc.def
File: t3enc.def 2001/12/31 T3 encoding
LaTeX Font Info:    Try loading font information for EU1+lmss on input line 357
.

(c:/Program Files (x86)/texlive/2012/texmf-dist/tex/latex/euenc/eu1lmss.fd
File: eu1lmss.fd 2009/10/30 v1.6 Font defs for Latin Modern
))
\tipaTiiicode=\count166
\tipasavetokens=\toks14
\tipachecktokens=\toks15

(c:/Program Files (x86)/texlive/2012/texmf-dist/tex/latex/graphics/graphicx.sty
Package: graphicx 1999/02/16 v1.0f Enhanced LaTeX Graphics (DPC,SPQR)
(c:/Program Files (x86)/texlive/2012/texmf-dist/tex/latex/graphics/keyval.sty
Package: keyval 1999/03/16 v1.13 key=value parser (DPC)
\KV@toks@=\toks16
)
\Gin@req@height=\dimen141
\Gin@req@width=\dimen142
))
.................................................
. LaTeX info: "xparse/define-command"
. 
. Defining document command \fontspec with arg. spec. 'O{}m' on line 39.
.................................................
.................................................
. LaTeX info: "xparse/define-command"
. 
. Defining document command \setmainfont with arg. spec. 'O{}m' on line 43.
.................................................
.................................................
. LaTeX info: "xparse/define-command"
. 
. Defining document command \setsansfont with arg. spec. 'O{}m' on line 47.
.................................................
.................................................
. LaTeX info: "xparse/define-command"
. 
. Defining document command \setmonofont with arg. spec. 'O{}m' on line 51.
.................................................
.................................................
. LaTeX info: "xparse/define-command"
. 
. Defining document command \setmathrm with arg. spec. 'O{}m' on line 59.
.................................................
.................................................
. LaTeX info: "xparse/define-command"
. 
. Defining document command \setboldmathrm with arg. spec. 'O{}m' on line 62.
.................................................
.................................................
. LaTeX info: "xparse/define-command"
. 
. Defining document command \setmathsf with arg. spec. 'O{}m' on line 65.
.................................................
.................................................
. LaTeX info: "xparse/define-command"
. 
. Defining document command \setmathtt with arg. spec. 'O{}m' on line 68.
.................................................
.................................................
. LaTeX info: "xparse/define-command"
. 
. Defining document command \newfontfamily with arg. spec. 'mO{}m' on line 84.
.................................................
.................................................
. LaTeX info: "xparse/define-command"
. 
. Defining document command \newfontface with arg. spec. 'mO{}m' on line 87.
.................................................
.................................................
. LaTeX info: "xparse/define-command"
. 
. Defining document command \defaultfontfeatures with arg. spec. 'm' on line
. 91.
.................................................
.................................................
. LaTeX info: "xparse/define-command"
. 
. Defining document command \addfontfeatures with arg. spec. 'm' on line 107.
.................................................
.................................................
. LaTeX info: "xparse/define-command"
. 
. Defining document command \newfontfeature with arg. spec. 'mm' on line 118.
.................................................
.................................................
. LaTeX info: "xparse/define-command"
. 
. Defining document command \newAATfeature with arg. spec. 'mmmm' on line 125.
.................................................
.................................................
. LaTeX info: "xparse/define-command"
. 
. Defining document command \newICUfeature with arg. spec. 'mmm' on line 132.
.................................................
.................................................
. LaTeX info: "xparse/define-command"
. 
. Defining document command \aliasfontfeature with arg. spec. 'mm' on line
. 159.
.................................................
.................................................
. LaTeX info: "xparse/define-command"
. 
. Defining document command \aliasfontfeatureoption with arg. spec. 'mmm' on
. line 164.
.................................................
.................................................
. LaTeX info: "xparse/define-command"
. 
. Defining document command \newfontscript with arg. spec. 'mm' on line 169.
.................................................
.................................................
. LaTeX info: "xparse/define-command"
. 
. Defining document command \newfontlanguage with arg. spec. 'mm' on line 192.
.................................................
.................................................
. LaTeX info: "xparse/define-command"
. 
. Defining document command \DeclareFontsExtensions with arg. spec. 'm' on
. line 211.
.................................................
Variant \prop_gput:cnV already defined; not changing it on line 485
Variant \prop_gput:cnx already defined; not changing it on line 486
\l_fontspec_tmp_int=\count167
LaTeX Info: Redefining \itshape on input line 1893.
LaTeX Info: Redefining \slshape on input line 1897.
LaTeX Info: Redefining \scshape on input line 1901.
LaTeX Info: Redefining \upshape on input line 1905.

(c:/Program Files (x86)/texlive/2012/texmf-dist/tex/latex/fontspec/fontspec.cfg
)))
(c:/Program Files (x86)/texlive/2012/texmf-dist/tex/latex/xltxtra/xltxtra.sty
Package: xltxtra 2010/09/20 v0.5e Improvements for the "XeLaTeX" format

(c:/Program Files (x86)/texlive/2012/texmf-dist/tex/generic/oberdiek/ifluatex.s
ty
Package: ifluatex 2010/03/01 v1.3 Provides the ifluatex switch (HO)
Package ifluatex Info: LuaTeX not detected.
)
(c:/Program Files (x86)/texlive/2012/texmf-dist/tex/generic/ifxetex/ifxetex.sty
Package: ifxetex 2010/09/12 v0.6 Provides ifxetex conditional
)
(c:/Program Files (x86)/texlive/2012/texmf-dist/tex/latex/realscripts/realscrip
ts.sty
Package: realscripts 2010/09/30 v0.3 Access OpenType subscripts and superscript
s
.................................................
. LaTeX info: "xparse/define-command"
. 
. Defining document command \fakesubscript with arg. spec. 'm' on line 19.
.................................................
.................................................
. LaTeX info: "xparse/define-command"
. 
. Defining document command \fakesuperscript with arg. spec. 'm' on line 22.
.................................................

*************************************************
* LaTeX warning: "xparse/redefine-command"
* 
* Redefining document command \textsubscript with arg. spec. 's' on line 25.
*************************************************
*************************************************
* LaTeX warning: "xparse/redefine-command"
* 
* Redefining document command \textsuperscript with arg. spec. 's' on line 28.
*************************************************
.................................................
. LaTeX info: "xparse/define-command"
. 
. Defining document command \realsubscript with arg. spec. 'm' on line 45.
.................................................
.................................................
. LaTeX info: "xparse/define-command"
. 
. Defining document command \realsuperscript with arg. spec. 'm' on line 60.
.................................................
.................................................
. LaTeX info: "xparse/define-command"
. 
. Defining document command \textsubsuperscript with arg. spec. 'sO{l}mm' on
. line 137.
.................................................
.................................................
. LaTeX info: "xparse/define-command"
. 
. Defining document command \textsupersubscript with arg. spec. 'sO{l}mm' on
. line 140.
.................................................
\subsupersep=\dimen143
)
(c:/Program Files (x86)/texlive/2012/texmf-dist/tex/latex/metalogo/metalogo.sty
Package: metalogo 2010/05/29 v0.12 Extended TeX logo macros
\xl@everylogo=\toks17
\xl@@everylogo=\toks18
LaTeX Info: Redefining \TeX on input line 193.
LaTeX Info: Redefining \LaTeX on input line 202.
LaTeX Info: Redefining \LaTeXe on input line 219.
)
\xxt@tempbox=\box35
)
(c:/Program Files (x86)/texlive/2012/texmf-dist/tex/xelatex/xgreek/xgreek.sty
File: xgreek.sty 2012/04/08 v2.4 Package `xgreek.sty'

Package `xgreek' version 2.4 by Apostolos Syropoulos
\@attic@num=\count168
)
(c:/Program Files (x86)/texlive/2012/texmf-dist/tex/latex/csquotes/csquotes.sty
Package: csquotes 2011/10/22 v5.1d context-sensitive quotations

(c:/Program Files (x86)/texlive/2012/texmf-dist/tex/latex/etoolbox/etoolbox.sty
Package: etoolbox 2011/01/03 v2.1 e-TeX tools for LaTeX
\etb@tempcnta=\count169
)
\csq@reset=\count170
\csq@gtype=\count171
\csq@glevel=\count172
\csq@qlevel=\count173
\csq@maxlvl=\count174
\csq@tshold=\count175
\csq@ltx@everypar=\toks19

(c:/Program Files (x86)/texlive/2012/texmf-dist/tex/latex/csquotes/csquotes.def
File: csquotes.def 2011/10/22 v5.1d csquotes generic definitions
)
Package csquotes Info: Trying to load configuration file 'csquotes.cfg'...
Package csquotes Info: ... configuration file loaded successfully.

(c:/Program Files (x86)/texlive/2012/texmf-dist/tex/latex/csquotes/csquotes.cfg
File: csquotes.cfg 
))
(c:/Program Files (x86)/texlive/2012/texmf-dist/tex/latex/hyperref/hyperref.sty
Package: hyperref 2012/05/13 v6.82q Hypertext links for LaTeX

(c:/Program Files (x86)/texlive/2012/texmf-dist/tex/generic/oberdiek/hobsub-hyp
erref.sty
Package: hobsub-hyperref 2012/05/28 v1.13 Bundle oberdiek, subset hyperref (HO)


(c:/Program Files (x86)/texlive/2012/texmf-dist/tex/generic/oberdiek/hobsub-gen
eric.sty
Package: hobsub-generic 2012/05/28 v1.13 Bundle oberdiek, subset generic (HO)
Package: hobsub 2012/05/28 v1.13 Construct package bundles (HO)
Package: infwarerr 2010/04/08 v1.3 Providing info/warning/error messages (HO)
Package: ltxcmds 2011/11/09 v1.22 LaTeX kernel commands for general use (HO)
Package hobsub Info: Skipping package `ifluatex' (already loaded).
Package: ifvtex 2010/03/01 v1.5 Detect VTeX and its facilities (HO)
Package ifvtex Info: VTeX not detected.
Package: intcalc 2007/09/27 v1.1 Expandable calculations with integers (HO)
Package: ifpdf 2011/01/30 v2.3 Provides the ifpdf switch (HO)
Package ifpdf Info: pdfTeX in PDF mode is not detected.
Package: etexcmds 2011/02/16 v1.5 Avoid name clashes with e-TeX commands (HO)
Package etexcmds Info: Could not find \expanded.
(etexcmds)             That can mean that you are not using pdfTeX 1.50 or
(etexcmds)             that some package has redefined \expanded.
(etexcmds)             In the latter case, load this package earlier.
Package: kvsetkeys 2012/04/25 v1.16 Key value parser (HO)
Package: kvdefinekeys 2011/04/07 v1.3 Define keys (HO)
Package: pdftexcmds 2011/11/29 v0.20 Utility functions of pdfTeX for LuaTeX (HO
)
Package pdftexcmds Info: LuaTeX not detected.
Package pdftexcmds Info: pdfTeX >= 1.30 not detected.
Package pdftexcmds Info: \pdf@primitive is available.
Package pdftexcmds Info: \pdf@ifprimitive is available.
Package pdftexcmds Info: \pdfdraftmode not found.
Package: pdfescape 2011/11/25 v1.13 Implements pdfTeX's escape features (HO)
Package: bigintcalc 2012/04/08 v1.3 Expandable calculations on big integers (HO
)
Package: bitset 2011/01/30 v1.1 Handle bit-vector datatype (HO)
Package: uniquecounter 2011/01/30 v1.2 Provide unlimited unique counter (HO)
)
Package hobsub Info: Skipping package `hobsub' (already loaded).
Package: letltxmacro 2010/09/02 v1.4 Let assignment for LaTeX macros (HO)
Package: hopatch 2012/05/28 v1.2 Wrapper for package hooks (HO)
Package: xcolor-patch 2011/01/30 xcolor patch
Package: atveryend 2011/06/30 v1.8 Hooks at the very end of document (HO)
Package: atbegshi 2011/10/05 v1.16 At begin shipout hook (HO)
Package: refcount 2011/10/16 v3.4 Data extraction from label references (HO)
Package: hycolor 2011/01/30 v1.7 Color options for hyperref/bookmark (HO)
)
(c:/Program Files (x86)/texlive/2012/texmf-dist/tex/latex/oberdiek/kvoptions.st
y
Package: kvoptions 2011/06/30 v3.11 Key value format for package options (HO)
)
\@linkdim=\dimen144
\Hy@linkcounter=\count176
\Hy@pagecounter=\count177

(c:/Program Files (x86)/texlive/2012/texmf-dist/tex/latex/hyperref/pd1enc.def
File: pd1enc.def 2012/05/13 v6.82q Hyperref: PDFDocEncoding definition (HO)
)
\Hy@SavedSpaceFactor=\count178

(c:/Program Files (x86)/texlive/2012/texmf-dist/tex/xelatex/xetexconfig/hyperre
f.cfg
File: hyperref.cfg 2008/07/11 v1.2 hyperref configuration for XeLaTeX
)
Package hyperref Info: Hyper figures OFF on input line 4062.
Package hyperref Info: Link nesting OFF on input line 4067.
Package hyperref Info: Hyper index ON on input line 4070.
Package hyperref Info: Plain pages OFF on input line 4077.
Package hyperref Info: Backreferencing OFF on input line 4082.
Package hyperref Info: Implicit mode ON; LaTeX internals redefined.
Package hyperref Info: Bookmarks ON on input line 4300.
\c@Hy@tempcnt=\count179
 (c:/Program Files (x86)/texlive/2012/texmf-dist/tex/latex/url/url.sty
\Urlmuskip=\muskip10
Package: url 2006/04/12  ver 3.3  Verb mode for urls, etc.
)
LaTeX Info: Redefining \url on input line 4653.
\Fld@menulength=\count180
\Field@Width=\dimen145
\Fld@charsize=\dimen146
Package hyperref Info: Hyper figures OFF on input line 5773.
Package hyperref Info: Link nesting OFF on input line 5778.
Package hyperref Info: Hyper index ON on input line 5781.
Package hyperref Info: backreferencing OFF on input line 5788.
Package hyperref Info: Link coloring OFF on input line 5793.
Package hyperref Info: Link coloring with OCG OFF on input line 5798.
Package hyperref Info: PDF/A mode OFF on input line 5803.
LaTeX Info: Redefining \ref on input line 5843.
LaTeX Info: Redefining \pageref on input line 5847.
\Hy@abspage=\count181
\c@Item=\count182
\c@Hfootnote=\count183
)

Package hyperref Message: Driver (autodetected): hxetex.

(c:/Program Files (x86)/texlive/2012/texmf-dist/tex/latex/hyperref/hxetex.def
File: hxetex.def 2012/05/13 v6.82q Hyperref driver for XeTeX

(c:/Program Files (x86)/texlive/2012/texmf-dist/tex/latex/hyperref/puenc.def
File: puenc.def 2012/05/13 v6.82q Hyperref: PDF Unicode definition (HO)
)
(c:/Program Files (x86)/texlive/2012/texmf-dist/tex/generic/oberdiek/stringenc.
sty
Package: stringenc 2011/12/02 v1.10 Convert strings between diff. encodings (HO
)
)
\pdfm@box=\box36
\c@Hy@AnnotLevel=\count184
\HyField@AnnotCount=\count185
\Fld@listcount=\count186
\c@bookmark@seq@number=\count187

(c:/Program Files (x86)/texlive/2012/texmf-dist/tex/latex/oberdiek/rerunfileche
ck.sty
Package: rerunfilecheck 2011/04/15 v1.7 Rerun checks for auxiliary files (HO)
Package rerunfilecheck Info: Feature \pdfmdfivesum is not available
(rerunfilecheck)             (e.g. pdfTeX or LuaTeX with package `pdftexcmds').

(rerunfilecheck)             Therefore file contents cannot be checked efficien
tly
(rerunfilecheck)             and the loading of the package is aborted.
)
\Hy@SectionHShift=\skip49
)
(c:/Program Files (x86)/texlive/2012/texmf-dist/tex/latex/placeins/placeins.sty
Package: placeins 2005/04/18  v 2.2
)
(c:/Program Files (x86)/texlive/2012/texmf-dist/tex/latex/amsfonts/amsfonts.sty
Package: amsfonts 2009/06/22 v3.00 Basic AMSFonts support
\@emptytoks=\toks20
\symAMSa=\mathgroup4
\symAMSb=\mathgroup5
LaTeX Font Info:    Overwriting math alphabet `\mathfrak' in version `bold'
(Font)                  U/euf/m/n --> U/euf/b/n on input line 96.
) (c:/Program Files (x86)/texlive/2012/texmf-dist/tex/latex/psfrag/psfrag.sty
Package: psfrag 1998/04/11 v3.04 PSfrag (MCG)
\pfg@pcount=\count188
\pfg@scount=\count189
\pfg@temp=\write3
)
(c:/Program Files (x86)/texlive/2012/texmf-dist/tex/latex/fancyhdr/fancyhdr.sty
\fancy@headwidth=\skip50
\f@ncyO@elh=\skip51
\f@ncyO@erh=\skip52
\f@ncyO@olh=\skip53
\f@ncyO@orh=\skip54
\f@ncyO@elf=\skip55
\f@ncyO@erf=\skip56
\f@ncyO@olf=\skip57
\f@ncyO@orf=\skip58
) (c:/Program Files (x86)/texlive/2012/texmf-dist/tex/latex/tools/layout.sty
Package: layout 2000/09/25 v1.2c Show layout parameters
\oneinch=\count190
\cnt@paperwidth=\count191
\cnt@paperheight=\count192
\cnt@hoffset=\count193
\cnt@voffset=\count194
\cnt@textheight=\count195
\cnt@textwidth=\count196
\cnt@topmargin=\count197
\cnt@oddsidemargin=\count198
\cnt@evensidemargin=\count199
\cnt@headheight=\count200
\cnt@headsep=\count201
Normal \count register pool exhausted, switching to extended pool.
\cnt@marginparsep=\count277
\cnt@marginparwidth=\count278
\cnt@marginparpush=\count279
\cnt@footskip=\count280
\fheight=\count281
\ref@top=\count282
\ref@hoffset=\count283
\ref@voffset=\count284
\ref@head=\count285
\ref@body=\count286
\ref@foot=\count287
\ref@margin=\count288
\ref@marginwidth=\count289
\ref@marginpar=\count290
\Interval=\count291
\ExtraYPos=\count292
\PositionX=\count293
\PositionY=\count294
\ArrowLength=\count295
)
(c:/Program Files (x86)/texlive/2012/texmf-dist/tex/latex/subfigure/subfigure.s
ty
Package: subfigure 2002/03/15 v2.1.5 subfigure package
\subfigtopskip=\skip59
\subfigcapskip=\skip60
\subfigcaptopadj=\dimen147
\subfigbottomskip=\skip61
\subfigcapmargin=\dimen148
\subfiglabelskip=\skip62
\c@subfigure=\count296
\c@lofdepth=\count297
\c@subtable=\count298
\c@lotdepth=\count299

****************************************
* Local config file subfigure.cfg used *
****************************************

(c:/Program Files (x86)/texlive/2012/texmf-dist/tex/latex/subfigure/subfigure.c
fg)
\subfig@top=\skip63
\subfig@bottom=\skip64
)
(c:/Program Files (x86)/texlive/2012/texmf-dist/tex/latex/oberdiek/pdflscape.st
y
Package: pdflscape 2008/08/11 v0.10 Display of landscape pages in PDF (HO)
 (c:/Program Files (x86)/texlive/2012/texmf-dist/tex/latex/graphics/lscape.sty
Package: lscape 2000/10/22 v3.01 Landscape Pages (DPC)
)
Package pdflscape Info: Auto-detected driver: dvipdfm (xetex) on input line 98.

)
(c:/Program Files (x86)/texlive/2012/texmf-dist/tex/latex/multirow/multirow.sty
\bigstrutjot=\dimen149
) (c:/Program Files (x86)/texlive/2012/texmf-dist/tex/latex/tools/longtable.sty
Package: longtable 2004/02/01 v4.11 Multi-page Table package (DPC)
\LTleft=\skip65
\LTright=\skip66
\LTpre=\skip67
\LTpost=\skip68
\LTchunksize=\count300
\LTcapwidth=\dimen150
\LT@head=\box37
\LT@firsthead=\box38
\LT@foot=\box39
\LT@lastfoot=\box40
\LT@cols=\count301
\LT@rows=\count302
\c@LT@tables=\count303
\c@LT@chunks=\count304
\LT@p@ftn=\toks21
) (c:/Program Files (x86)/texlive/2012/texmf-dist/tex/latex/tools/array.sty
Package: array 2008/09/09 v2.4c Tabular extension package (FMi)
\col@sep=\dimen151
\extrarowheight=\dimen152
\NC@list=\toks22
\extratabsurround=\skip69
\backup@length=\skip70
)
(c:/Program Files (x86)/texlive/2012/texmf-dist/tex/latex/arydshln/arydshln.sty
Package: arydshln 2004/08/31 v1.71 
\dashlinedash=\dimen153
\dashlinegap=\dimen154
\adl@box=\box41
\adl@height=\dimen155
\adl@heightsave=\dimen156
\adl@depth=\dimen157
\adl@depthsave=\dimen158
\adl@finaldepth=\dimen159
\adl@columns=\count305
\adl@ncol=\count306
\adl@currentcolumn=\count307
\adl@currentcolumnsave=\count308
\adl@totalheight=\count309
\adl@totalheightsave=\count310
\adl@dash=\count311
\adl@gap=\count312
\adl@cla=\count313
\adl@clb=\count314
\adl@everyvbox=\toks23
\adl@LTpagetotal=\dimen160
)
(c:/Program Files (x86)/texlive/2012/texmf-dist/tex/latex/appendix/appendix.sty
Package: appendix 2009/09/02 v1.2b extra appendix facilities
\c@@pps=\count315
\c@@ppsavesec=\count316
\c@@ppsaveapp=\count317
)
\g_fontspec_family_GFS Artemisia_int=\count318
.................................................
. fontspec info: "defining-font"
. 
. Font family 'GFSArtemisia(0)' created for font 'GFS Artemisia' with options
. [Mapping=tex-text].
. 
. This font family consists of the following shapes:
. 
. * 'normal' with NFSS spec.:
. <->"GFS Artemisia/ICU:script=latn;language=DFLT;mapping=tex-text;"
. 
. * 'small caps' with NFSS spec.:
. <->"GFS Artemisia/ICU:script=latn;language=DFLT;mapping=tex-text;+smcp;"
. 
. * 'bold' with NFSS spec.:
. <->"GFS Artemisia/B/ICU:script=latn;language=DFLT;mapping=tex-text;"
. 
. * 'italic' with NFSS spec.:
. <->"GFS Artemisia/I/ICU:script=latn;language=DFLT;mapping=tex-text;"
. 
. * 'bold italic' with NFSS spec.:
. <->"GFS Artemisia/BI/ICU:script=latn;language=DFLT;mapping=tex-text;"
.................................................

(c:/Program Files (x86)/texlive/2012/texmf-dist/tex/latex/biblatex/biblatex.sty
Package: biblatex 2012/07/01 v2.0 programmable bibliographies (PK/JW/AB)

(c:/Program Files (x86)/texlive/2012/texmf-dist/tex/latex/biblatex/biblatex1.st
y
Package: biblatex1 2012/07/01 v2.0 programmable bibliographies (bibtex) (PK/JW/
AB)
 (c:/Program Files (x86)/texlive/2012/texmf-dist/tex/latex/logreq/logreq.sty
Package: logreq 2010/08/04 v1.0 xml request logger
\lrq@indent=\count319

(c:/Program Files (x86)/texlive/2012/texmf-dist/tex/latex/logreq/logreq.def
File: logreq.def 2010/08/04 v1.0 logreq spec v1.0
))
(c:/Program Files (x86)/texlive/2012/texmf-dist/tex/latex/base/ifthen.sty
Package: ifthen 2001/05/26 v1.1c Standard LaTeX ifthen package (DPC)
)
\c@tabx@nest=\count320
\c@listtotal=\count321
\c@listcount=\count322
\c@liststart=\count323
\c@liststop=\count324
\c@citecount=\count325
\c@citetotal=\count326
\c@multicitecount=\count327
\c@multicitetotal=\count328
\c@instcount=\count329
\c@maxnames=\count330
\c@minnames=\count331
\c@maxitems=\count332
\c@minitems=\count333
\c@citecounter=\count334
\c@savedcitecounter=\count335
\c@uniquelist=\count336
\c@uniquename=\count337
\c@refsection=\count338
\c@refsegment=\count339
\c@maxextrayear=\count340
\c@maxextraalpha=\count341
\c@abbrvpenalty=\count342
\c@highnamepenalty=\count343
\c@lownamepenalty=\count344
\c@maxparens=\count345
\c@parenlevel=\count346
\blx@tempcnta=\count347
\blx@tempcntb=\count348
\blx@tempcntc=\count349
\blx@maxsection=\count350
\blx@maxsegment=\count351
\blx@notetype=\count352
\blx@parenlevel@text=\count353
\blx@parenlevel@foot=\count354
\labelnumberwidth=\skip71
\labelalphawidth=\skip72
\shorthandwidth=\skip73
\biblabelsep=\skip74
\bibitemsep=\skip75
\bibnamesep=\skip76
\bibinitsep=\skip77
\bibparsep=\skip78
\bibhang=\skip79
\blx@auxin=\read1
\blx@auxout=\write4
\c@mincomprange=\count355
\c@maxcomprange=\count356
\c@mincompwidth=\count357
\c@labelname=\count358
\c@savedlabelname=\count359
\c@author=\count360
\c@savedauthor=\count361
\c@shortauthor=\count362
\c@savedshortauthor=\count363
\c@editor=\count364
\c@savededitor=\count365
\c@editora=\count366
\c@savededitora=\count367
\c@editorb=\count368
\c@savededitorb=\count369
\c@editorc=\count370
\c@savededitorc=\count371
\c@shorteditor=\count372
\c@savedshorteditor=\count373
\c@bookauthor=\count374
\c@savedbookauthor=\count375
\c@translator=\count376
\c@savedtranslator=\count377
\c@annotator=\count378
\c@savedannotator=\count379
\c@commentator=\count380
\c@savedcommentator=\count381
\c@introduction=\count382
\c@savedintroduction=\count383
\c@foreword=\count384
\c@savedforeword=\count385
\c@afterword=\count386
\c@savedafterword=\count387
\c@holder=\count388
\c@savedholder=\count389
\c@namea=\count390
\c@savednamea=\count391
\c@nameb=\count392
\c@savednameb=\count393
\c@namec=\count394
\c@savednamec=\count395
\c@institution=\count396
\c@savedinstitution=\count397
\c@language=\count398
\c@savedlanguage=\count399
\c@location=\count400
\c@savedlocation=\count401
\c@organization=\count402
\c@savedorganization=\count403
\c@origlocation=\count404
\c@savedoriglocation=\count405
\c@origpublisher=\count406
\c@savedorigpublisher=\count407
\c@pageref=\count408
\c@savedpageref=\count409
\c@publisher=\count410
\c@savedpublisher=\count411
\c@lista=\count412
\c@savedlista=\count413
\c@listb=\count414
\c@savedlistb=\count415
\c@listc=\count416
\c@savedlistc=\count417
\c@listd=\count418
\c@savedlistd=\count419
\c@liste=\count420
\c@savedliste=\count421
\c@listf=\count422
\c@savedlistf=\count423
Package biblatex Info: Trying to load compatibility code...
Package biblatex Info: ... file 'blx-compat.def' found.

(c:/Program Files (x86)/texlive/2012/texmf-dist/tex/latex/biblatex/blx-compat.d
ef
File: blx-compat.def 2012/07/01 v2.0 biblatex compatibility (PK/JW/AB)
)
Package biblatex Info: Trying to load generic definitions...
Package biblatex Info: ... file 'biblatex.def' found.

(c:/Program Files (x86)/texlive/2012/texmf-dist/tex/latex/biblatex/biblatex.def
File: biblatex.def 
\c@biburlnumpenalty=\count424
\c@biburlucpenalty=\count425
\c@biburllcpenalty=\count426
\c@smartand=\count427
)
Package biblatex Info: Trying to load bibliography style 'numeric'...
Package biblatex Info: ... file 'numeric.bbx' found.

(c:/Program Files (x86)/texlive/2012/texmf-dist/tex/latex/biblatex/bbx/numeric.
bbx
File: numeric.bbx 2012/07/01 v2.0 biblatex bibliography style (PK/JW/AB)
Package biblatex Info: Trying to load bibliography style 'standard'...
Package biblatex Info: ... file 'standard.bbx' found.

(c:/Program Files (x86)/texlive/2012/texmf-dist/tex/latex/biblatex/bbx/standard
.bbx
File: standard.bbx 2012/07/01 v2.0 biblatex bibliography style (PK/JW/AB)
\c@bbx:relatedcount=\count428
))
Package biblatex Info: Trying to load citation style 'numeric'...
Package biblatex Info: ... file 'numeric.cbx' found.

(c:/Program Files (x86)/texlive/2012/texmf-dist/tex/latex/biblatex/cbx/numeric.
cbx
File: numeric.cbx 2012/07/01 v2.0 biblatex citation style (PK/JW/AB)
Package biblatex Info: Redefining '\cite'.
Package biblatex Info: Redefining '\parencite'.
Package biblatex Info: Redefining '\footcite'.
Package biblatex Info: Redefining '\footcitetext'.
Package biblatex Info: Redefining '\smartcite'.
Package biblatex Info: Redefining '\textcite'.
Package biblatex Info: Redefining '\supercite'.
Package biblatex Info: Redefining '\cites'.
Package biblatex Info: Redefining '\parencites'.
Package biblatex Info: Redefining '\smartcites'.
)
Package biblatex Info: Trying to load configuration file...
Package biblatex Info: ... file 'biblatex.cfg' found.

(c:/Program Files (x86)/texlive/2012/texmf-dist/tex/latex/biblatex/biblatex.cfg
File: biblatex.cfg 
))) (c:/Program Files (x86)/texlive/2012/texmf-dist/tex/latex/index/index.sty
Package: index 2004/01/20 v4.2beta Improved index support (dmj)
\@indexbox=\insert233
\indexproofstyle=\toks24
)
(c:/Program Files (x86)/texlive/2012/texmf-dist/tex/latex/idxlayout/idxlayout.s
ty
Package: idxlayout 2012/03/30 v0.4d Configurable index layout
 (c:/Program Files (x86)/texlive/2012/texmf-dist/tex/latex/tools/multicol.sty
Package: multicol 2011/06/27 v1.7a multicolumn formatting (FMi)
\c@tracingmulticols=\count429
\mult@box=\box42
\multicol@leftmargin=\dimen161
\c@unbalance=\count430
\c@collectmore=\count431
\doublecol@number=\count432
\multicoltolerance=\count433
\multicolpretolerance=\count434
\full@width=\dimen162
\page@free=\dimen163
\premulticols=\dimen164
\postmulticols=\dimen165
\multicolsep=\skip80
\multicolbaselineskip=\skip81
\partial@page=\box43
\last@line=\box44
\mult@rightbox=\box45
\mult@grightbox=\box46
\mult@gfirstbox=\box47
\mult@firstbox=\box48
\@tempa=\box49
\@tempa=\box50
\@tempa=\box51
\@tempa=\box52
\@tempa=\box53
\@tempa=\box54
\@tempa=\box55
\@tempa=\box56
\@tempa=\box57
\@tempa=\box58
\@tempa=\box59
\@tempa=\box60
\@tempa=\box61
\@tempa=\box62
\@tempa=\box63
\@tempa=\box64
\@tempa=\box65
\c@columnbadness=\count435
\c@finalcolumnbadness=\count436
\last@try=\dimen166
\multicolovershoot=\dimen167
\multicolundershoot=\dimen168
\mult@nat@firstbox=\box66
\colbreak@box=\box67
\multicol@sort@counter=\count437
)
\c@idxcols=\count438
\indexcolsep=\skip82
\indexrule=\skip83
\ila@indentunit=\skip84
\ila@initsep=\skip85
)
\idxtitle@default=\toks25
\tf@default=\write5
\openout5 = `TechnicalReportNo1.idx'.

Package index Info: Writing index file TechnicalReportNo1.idx on input line 35.

Package csquotes Info: Checking for multilingual support...
Package csquotes Info: ... none found.
Package biblatex Info: Trying to load language 'english'...
Package biblatex Info: ... file 'english.lbx' found.

(c:/Program Files (x86)/texlive/2012/texmf-dist/tex/latex/biblatex/lbx/english.
lbx
File: english.lbx 2012/07/01 v2.0 biblatex localization (PK/JW/AB)
) (c:/Program Files (x86)/texlive/2012/texmf-dist/tex/latex/ms/ragged2e.sty
Package: ragged2e 2009/05/21 v2.1 ragged2e Package (MS)

(c:/Program Files (x86)/texlive/2012/texmf-dist/tex/latex/ms/everysel.sty
Package: everysel 2011/10/28 v1.2 EverySelectfont Package (MS)
)
\CenteringLeftskip=\skip86
\RaggedLeftLeftskip=\skip87
\RaggedRightLeftskip=\skip88
\CenteringRightskip=\skip89
\RaggedLeftRightskip=\skip90
\RaggedRightRightskip=\skip91
\CenteringParfillskip=\skip92
\RaggedLeftParfillskip=\skip93
\RaggedRightParfillskip=\skip94
\JustifyingParfillskip=\skip95
\CenteringParindent=\skip96
\RaggedLeftParindent=\skip97
\RaggedRightParindent=\skip98
\JustifyingParindent=\skip99
)
(./TechnicalReportNo1.aux)
\openout1 = `TechnicalReportNo1.aux'.

LaTeX Font Info:    Checking defaults for OML/cmm/m/it on input line 46.
LaTeX Font Info:    ... okay on input line 46.
LaTeX Font Info:    Checking defaults for T1/cmr/m/n on input line 46.
LaTeX Font Info:    ... okay on input line 46.
LaTeX Font Info:    Checking defaults for OT1/cmr/m/n on input line 46.
LaTeX Font Info:    ... okay on input line 46.
LaTeX Font Info:    Checking defaults for OMS/cmsy/m/n on input line 46.
LaTeX Font Info:    ... okay on input line 46.
LaTeX Font Info:    Checking defaults for OMX/cmex/m/n on input line 46.
LaTeX Font Info:    ... okay on input line 46.
LaTeX Font Info:    Checking defaults for U/cmr/m/n on input line 46.
LaTeX Font Info:    ... okay on input line 46.
LaTeX Font Info:    Checking defaults for EU1/lmr/m/n on input line 46.
LaTeX Font Info:    ... okay on input line 46.
LaTeX Font Info:    Checking defaults for T3/cmr/m/n on input line 46.
LaTeX Font Info:    Try loading font information for T3+cmr on input line 46.

(c:/Program Files (x86)/texlive/2012/texmf-dist/tex/latex/tipa/t3cmr.fd
File: t3cmr.fd 2001/12/31 TIPA font definitions
)
LaTeX Font Info:    ... okay on input line 46.
LaTeX Font Info:    Checking defaults for PD1/pdf/m/n on input line 46.
LaTeX Font Info:    ... okay on input line 46.
LaTeX Font Info:    Checking defaults for PU/pdf/m/n on input line 46.
LaTeX Font Info:    ... okay on input line 46.
.................................................
. fontspec info: "setup-math"
. 
. Adjusting the maths setup (use [no-math] to avoid this).
.................................................
\symlegacymaths=\mathgroup6
LaTeX Font Info:    Overwriting symbol font `legacymaths' in version `bold'
(Font)                  OT1/cmr/m/n --> OT1/cmr/bx/n on input line 46.
LaTeX Font Info:    Redeclaring math accent \acute on input line 46.
LaTeX Font Info:    Redeclaring math accent \grave on input line 46.
LaTeX Font Info:    Redeclaring math accent \ddot on input line 46.
LaTeX Font Info:    Redeclaring math accent \tilde on input line 46.
LaTeX Font Info:    Redeclaring math accent \bar on input line 46.
LaTeX Font Info:    Redeclaring math accent \breve on input line 46.
LaTeX Font Info:    Redeclaring math accent \check on input line 46.
LaTeX Font Info:    Redeclaring math accent \hat on input line 46.
LaTeX Font Info:    Redeclaring math accent \dot on input line 46.
LaTeX Font Info:    Redeclaring math accent \mathring on input line 46.
LaTeX Font Info:    Redeclaring math symbol \colon on input line 46.
LaTeX Font Info:    Redeclaring math symbol \Gamma on input line 46.
LaTeX Font Info:    Redeclaring math symbol \Delta on input line 46.
LaTeX Font Info:    Redeclaring math symbol \Theta on input line 46.
LaTeX Font Info:    Redeclaring math symbol \Lambda on input line 46.
LaTeX Font Info:    Redeclaring math symbol \Xi on input line 46.
LaTeX Font Info:    Redeclaring math symbol \Pi on input line 46.
LaTeX Font Info:    Redeclaring math symbol \Sigma on input line 46.
LaTeX Font Info:    Redeclaring math symbol \Upsilon on input line 46.
LaTeX Font Info:    Redeclaring math symbol \Phi on input line 46.
LaTeX Font Info:    Redeclaring math symbol \Psi on input line 46.
LaTeX Font Info:    Redeclaring math symbol \Omega on input line 46.
LaTeX Font Info:    Redeclaring math symbol \mathdollar on input line 46.
LaTeX Font Info:    Redeclaring symbol font `operators' on input line 46.
LaTeX Font Info:    Encoding `OT1' has changed to `EU1' for symbol font
(Font)              `operators' in the math version `normal' on input line 46.
LaTeX Font Info:    Overwriting symbol font `operators' in version `normal'
(Font)                  OT1/cmr/m/n --> EU1/GFSArtemisia(0)/m/n on input line 4
6.
LaTeX Font Info:    Encoding `OT1' has changed to `EU1' for symbol font
(Font)              `operators' in the math version `bold' on input line 46.
LaTeX Font Info:    Overwriting symbol font `operators' in version `bold'
(Font)                  OT1/cmr/bx/n --> EU1/GFSArtemisia(0)/m/n on input line 
46.
LaTeX Font Info:    Overwriting symbol font `operators' in version `normal'
(Font)                  EU1/GFSArtemisia(0)/m/n --> EU1/GFSArtemisia(0)/m/n on 
input line 46.
LaTeX Font Info:    Overwriting math alphabet `\mathrm' in version `normal'
(Font)                  EU1/GFSArtemisia(0)/m/n --> EU1/GFSArtemisia(0)/m/n on 
input line 46.
LaTeX Font Info:    Overwriting math alphabet `\mathit' in version `normal'
(Font)                  OT1/cmr/m/it --> EU1/GFSArtemisia(0)/m/it on input line
 46.
LaTeX Font Info:    Overwriting math alphabet `\mathbf' in version `normal'
(Font)                  OT1/cmr/bx/n --> EU1/GFSArtemisia(0)/bx/n on input line
 46.
LaTeX Font Info:    Overwriting math alphabet `\mathsf' in version `normal'
(Font)                  OT1/cmss/m/n --> EU1/lmss/m/n on input line 46.
LaTeX Font Info:    Overwriting math alphabet `\mathtt' in version `normal'
(Font)                  OT1/cmtt/m/n --> EU1/lmtt/m/n on input line 46.
LaTeX Font Info:    Overwriting symbol font `operators' in version `bold'
(Font)                  EU1/GFSArtemisia(0)/m/n --> EU1/GFSArtemisia(0)/bx/n on
 input line 46.
LaTeX Font Info:    Overwriting math alphabet `\mathrm' in version `bold'
(Font)                  EU1/GFSArtemisia(0)/m/n --> EU1/GFSArtemisia(0)/bx/n on
 input line 46.
LaTeX Font Info:    Overwriting math alphabet `\mathit' in version `bold'
(Font)                  OT1/cmr/bx/it --> EU1/GFSArtemisia(0)/bx/it on input li
ne 46.
LaTeX Font Info:    Overwriting math alphabet `\mathsf' in version `bold'
(Font)                  OT1/cmss/bx/n --> EU1/lmss/bx/n on input line 46.
LaTeX Font Info:    Overwriting math alphabet `\mathtt' in version `bold'
(Font)                  OT1/cmtt/m/n --> EU1/lmtt/bx/n on input line 46.
\AtBeginShipoutBox=\box68
Package hyperref Info: Link coloring OFF on input line 46.

(c:/Program Files (x86)/texlive/2012/texmf-dist/tex/latex/hyperref/nameref.sty
Package: nameref 2010/04/30 v2.40 Cross-referencing by name of section

(c:/Program Files (x86)/texlive/2012/texmf-dist/tex/generic/oberdiek/gettitlest
ring.sty
Package: gettitlestring 2010/12/03 v1.4 Cleanup title references (HO)
)
\c@section@level=\count439
)
LaTeX Info: Redefining \ref on input line 46.
LaTeX Info: Redefining \pageref on input line 46.
LaTeX Info: Redefining \nameref on input line 46.
 (./TechnicalReportNo1.out) (./TechnicalReportNo1.out)
\@outlinefile=\write6
\openout6 = `TechnicalReportNo1.out'.

Package biblatex Info: XeTeX detected.
(biblatex)             Assuming input encoding 'utf8'.
Package biblatex Info: Automatic encoding selection.
(biblatex)             Assuming data encoding 'utf8'.


Package biblatex Warning: Data encoding is 'utf8'.
(biblatex)                Use backend=biber.

\openout4 = `TechnicalReportNo1-blx.bib'.

Package biblatex Info: Trying to load bibliographic data...
Package biblatex Info: ... file 'TechnicalReportNo1.bbl' not found.
No file TechnicalReportNo1.bbl.
Package biblatex Info: Reference section=0 on input line 46.
Package biblatex Info: Reference segment=0 on input line 46.
ABD: EverySelectfont initializing macros
LaTeX Info: Redefining \selectfont on input line 46.
LaTeX Font Info:    Try loading font information for U+msa on input line 49.

(c:/Program Files (x86)/texlive/2012/texmf-dist/tex/latex/amsfonts/umsa.fd
File: umsa.fd 2009/06/22 v3.00 AMS symbols A
)
LaTeX Font Info:    Try loading font information for U+msb on input line 49.

(c:/Program Files (x86)/texlive/2012/texmf-dist/tex/latex/amsfonts/umsb.fd
File: umsb.fd 2009/06/22 v3.00 AMS symbols B
)
(c:/Program Files (x86)/texlive/2012/texmf-dist/tex/generic/oberdiek/se-ascii-p
rint.def
File: se-ascii-print.def 2011/12/02 v1.10 stringenc: Printable ASCII characters

) [1


] [2] (./TechnicalReportNo1.toc)
\tf@toc=\write7
\openout7 = `TechnicalReportNo1.toc'.

 [3

] (./TechnicalReportNo1.lof)
\tf@lof=\write8
\openout8 = `TechnicalReportNo1.lof'.


[4

] (./TechnicalReportNo1.lot)
\tf@lot=\write9
\openout9 = `TechnicalReportNo1.lot'.

 [5

] [6


]
Κεφάλαιο 1.
[7

]

Package Fancyhdr Warning: \headheight is too small (12.0pt): 
 Make it at least 14.49998pt.
 We now make it that large for the rest of the document.
 This may cause the page layout to be inconsistent, however.

[8]
Κεφάλαιο 2.
[9

]
.................................................
. fontspec info: "defining-font"
. 
. Font family 'GFSArtemisia(1)' created for font 'GFS Artemisia' with options
. [Mapping=tex-text,VerticalPosition=Superior].
. 
. This font family consists of the following shapes:
. 
. * 'normal' with NFSS spec.:
. <->"GFS Artemisia/ICU:script=latn;language=DFLT;mapping=tex-text;+sups;"
. 
. * 'small caps' with NFSS spec.:
. <->"GFS
. Artemisia/ICU:script=latn;language=DFLT;mapping=tex-text;+sups;+smcp;"
. 
. * 'bold' with NFSS spec.:
. <->"GFS Artemisia/B/ICU:script=latn;language=DFLT;mapping=tex-text;+sups;"
. 
. * 'italic' with NFSS spec.:
. <->"GFS Artemisia/I/ICU:script=latn;language=DFLT;mapping=tex-text;+sups;"
. 
. * 'bold italic' with NFSS spec.:
. <->"GFS Artemisia/BI/ICU:script=latn;language=DFLT;mapping=tex-text;+sups;"
.................................................
.................................................
. fontspec info: "defining-font"
. 
. Font family 'GFSArtemisia(1)' created for font 'GFS Artemisia' with options
. [Mapping=tex-text,VerticalPosition=Superior].
. 
. This font family consists of the following shapes:
.................................................
LaTeX Font Info:    Try loading font information for EU1+lmtt on input line 152
.
 (c:/Program Files (x86)/texlive/2012/texmf-dist/tex/latex/euenc/eu1lmtt.fd
File: eu1lmtt.fd 2009/10/30 v1.6 Font defs for Latin Modern
) [10]
File: DJI_S800.png Graphic file (type QTm)
 <use  "DJI_S800.png" > [11]
File: DJI_S800.png Graphic file (type QTm)
 <use  "DJI_S800.png" > [12]
File: Droidworx_AD_6HL.png Graphic file (type QTm)

<use  "Droidworx_AD_6HL.png" >
File: Droidworx_skyjib6.png Graphic file (type QTm)
 <use  "Droidworx_skyjib6.png" > [13]
Underfull \hbox (badness 10000) in alignment at lines 229--233
[] [] [] [] []
 []


Underfull \hbox (badness 10000) in alignment at lines 233--237
[] [] [] [] []
 []


Underfull \hbox (badness 10000) in alignment at lines 237--240
[] [] [] [] []
 []


Underfull \hbox (badness 10000) in alignment at lines 240--242
[] [] [] [] []
 []


Underfull \hbox (badness 10000) in paragraph at lines 244--244
[]|\EU1/GFSArtemisia(0)/m/n/12 DJI Spreading
 []


Overfull \hbox (2.70975pt too wide) in paragraph at lines 247--247
[]|\EU1/GFSArtemisia(0)/m/n/12 Κατασκευαστής| 
 []


Underfull \hbox (badness 2452) in paragraph at lines 253--253
[]|\EU1/GFSArtemisia(0)/m/n/12 βάρος απογεί-
 []


Underfull \hbox (badness 10000) in paragraph at lines 255--255
\EU1/GFSArtemisia(0)/m/n/12 -πλατφόρμας
 []


Underfull \hbox (badness 10000) in paragraph at lines 255--255
\EU1/GFSArtemisia(0)/m/n/12 και gimbal
 []


Underfull \hbox (badness 10000) in paragraph at lines 257--257
[]|\EU1/GFSArtemisia(0)/m/n/12 LiPo (6S,
 []


Overfull \hbox (24.09937pt too wide) in paragraph at lines 257--257
\EU1/GFSArtemisia(0)/m/n/12 10000mAh 15000mAh,
 []


Underfull \hbox (badness 4899) in paragraph at lines 259--259
[]|\EU1/GFSArtemisia(0)/m/n/12 μέγιστη κατα-
 []


Underfull \hbox (badness 10000) in paragraph at lines 261--261
[]|\EU1/GFSArtemisia(0)/m/n/12 κατανάλωση
 []


Underfull \hbox (badness 10000) in paragraph at lines 261--261
\EU1/GFSArtemisia(0)/m/n/12 αιώρησης
 []


Underfull \hbox (badness 10000) in paragraph at lines 263--263
[]|\EU1/GFSArtemisia(0)/m/n/12 μέγιστος χρό-
 []


Underfull \hbox (badness 10000) in paragraph at lines 263--263
\EU1/GFSArtemisia(0)/m/n/12 νος αιώρησης
 []


Underfull \hbox (badness 10000) in paragraph at lines 263--263
[]|\EU1/GFSArtemisia(0)/m/n/12 16 λεπτά
 []


Underfull \hbox (badness 10000) in paragraph at lines 263--263
\EU1/GFSArtemisia(0)/m/n/12 (@10000mAh
 []


Underfull \hbox (badness 10000) in alignment at lines 242--266
[] [] [] [] []
 []


Overfull \hbox (7.58174pt too wide) in paragraph at lines 266--266
[]|\EU1/GFSArtemisia(0)/m/n/12 υποστηριζόμενες
 []


Underfull \hbox (badness 10000) in paragraph at lines 266--266
[]|\EU1/GFSArtemisia(0)/m/n/12 Samsung HMX-
 []


Underfull \hbox (badness 10000) in paragraph at lines 266--266
\EU1/GFSArtemisia(0)/m/n/12 Q10, Panasonic
 []


Underfull \hbox (badness 10000) in paragraph at lines 267--267
[]|\EU1/GFSArtemisia(0)/m/n/12 προτεινόμενα
 []


Underfull \hbox (badness 10000) in paragraph at lines 267--267
[]|\EU1/GFSArtemisia(0)/m/n/12 AV-200/360 -
 []


Underfull \hbox (badness 10000) in alignment at lines 266--269
[] [] [] [] []
 []


Underfull \hbox (badness 10000) has occurred while \output is active
[] [] [] [] []
 []

[14

]
Underfull \hbox (badness 10000) has occurred while \output is active
[] [] [] [] []
 []

[15] [16

] [17]
Underfull \hbox (badness 10000) in alignment at lines 311--315
[] [] [] [] []
 []


Underfull \hbox (badness 10000) in alignment at lines 315--319
[] [] [] [] []
 []


Underfull \hbox (badness 10000) in alignment at lines 319--322
[] [] [] [] []
 []


Underfull \hbox (badness 10000) in alignment at lines 322--324
[] [] [] [] []
 []


Underfull \hbox (badness 10000) in paragraph at lines 326--326
[]|\EU1/GFSArtemisia(0)/m/n/12 GAUI 924500
 []


Overfull \hbox (2.70975pt too wide) in paragraph at lines 329--329
[]|\EU1/GFSArtemisia(0)/m/n/12 Κατασκευαστής| 
 []


Underfull \hbox (badness 10000) in paragraph at lines 335--335
[]|\EU1/GFSArtemisia(0)/m/n/12 53.5 x 38.5
 []


Underfull \hbox (badness 10000) in paragraph at lines 335--335
\EU1/GFSArtemisia(0)/m/n/12 x 12mm GPS
 []


Underfull \hbox (badness 5403) in paragraph at lines 335--335
[]|\EU1/GFSArtemisia(0)/m/n/12 Main Controller:
 []


Underfull \hbox (badness 2376) in paragraph at lines 335--335
\EU1/GFSArtemisia(0)/m/n/12 x 15.3mm, IMU:
 []


Underfull \hbox (badness 1910) in paragraph at lines 335--335
\EU1/GFSArtemisia(0)/m/n/12 x 27.8mm, GPS-
 []


Underfull \hbox (badness 10000) in paragraph at lines 335--335
\EU1/GFSArtemisia(0)/m/n/12 Compass: 50mm
 []


Underfull \hbox (badness 10000) in paragraph at lines 335--335
\EU1/GFSArtemisia(0)/m/n/12 LED Indicator:
 []


Underfull \hbox (badness 6348) in paragraph at lines 335--335
\EU1/GFSArtemisia(0)/m/n/12 25mm x 25mm
 []


Underfull \hbox (badness 10000) in paragraph at lines 335--335
\EU1/GFSArtemisia(0)/m/n/12 x 7mm, PMU:
 []


Underfull \hbox (badness 10000) in paragraph at lines 336--336
[]|\EU1/GFSArtemisia(0)/m/n/12 Main controller:
 []


Underfull \hbox (badness 10000) in paragraph at lines 337--337
[]|\EU1/GFSArtemisia(0)/m/n/12 400Hz refresh
 []


Underfull \hbox (badness 10000) in paragraph at lines 338--338
[]|\EU1/GFSArtemisia(0)/m/n/12 Operating
 []


Underfull \hbox (badness 10000) in paragraph at lines 339--339
[]|\EU1/GFSArtemisia(0)/m/n/12 Operating
 []


Underfull \hbox (badness 10000) in paragraph at lines 339--339
[]|\EU1/GFSArtemisia(0)/m/n/12 Rate (manual)
 []


Underfull \hbox (badness 10000) in paragraph at lines 339--339
\EU1/GFSArtemisia(0)/m/n/12 mode, Auto
 []


Underfull \hbox (badness 10000) in paragraph at lines 339--339
\EU1/GFSArtemisia(0)/m/n/12 balance mode,
 []


Underfull \hbox (badness 10000) in paragraph at lines 339--339
\EU1/GFSArtemisia(0)/m/n/12 GPS positioning
 []


Underfull \hbox (badness 10000) in paragraph at lines 339--339
[]|\EU1/GFSArtemisia(0)/m/n/12 Three Modes
 []


Underfull \hbox (badness 3547) in paragraph at lines 340--340
[]|\EU1/GFSArtemisia(0)/m/n/12 Rate (manual)
 []


Underfull \hbox (badness 10000) in paragraph at lines 340--340
[]|\EU1/GFSArtemisia(0)/m/n/12 Max angular
 []


Underfull \hbox (badness 10000) in paragraph at lines 340--340
\EU1/GFSArtemisia(0)/m/n/12 velocity: 300
 []


Underfull \hbox (badness 10000) in paragraph at lines 341--341
[]|\EU1/GFSArtemisia(0)/m/n/12 Auto balance
 []


Underfull \hbox (badness 10000) in paragraph at lines 342--342
[]|\EU1/GFSArtemisia(0)/m/n/12 GPS
 []


Underfull \hbox (badness 10000) in paragraph at lines 342--342
\EU1/GFSArtemisia(0)/m/n/12 positioning
 []


Underfull \hbox (badness 10000) in paragraph at lines 343--343
[]|\EU1/GFSArtemisia(0)/m/n/12 Hovering
 []


Underfull \hbox (badness 10000) in paragraph at lines 343--343
[]|\EU1/GFSArtemisia(0)/m/n/12 Horizontal: ±1m,
 []


Underfull \hbox (badness 10000) in paragraph at lines 344--344
[]|\EU1/GFSArtemisia(0)/m/n/12 Max yaw
 []


Underfull \hbox (badness 10000) in paragraph at lines 344--344
\EU1/GFSArtemisia(0)/m/n/12 angular
 []

Missing character: There is no ， in font GFS Artemisia Regular/ICU:script=lat
n;language=DFLT;mapping=tex-text;!

Underfull \hbox (badness 10000) in paragraph at lines 347--347
[]|\EU1/GFSArtemisia(0)/m/n/12 Max vertical
 []


Underfull \hbox (badness 10000) in alignment at lines 324--348
[] [] [] [] []
 []


Underfull \hbox (badness 10000) in paragraph at lines 348--348
[]|\EU1/GFSArtemisia(0)/m/n/12 Fail-safe
 []


Underfull \hbox (badness 10000) in paragraph at lines 348--348
[]|\EU1/GFSArtemisia(0)/m/n/12 Automatic Go-
 []


Underfull \hbox (badness 10000) in paragraph at lines 348--348
\EU1/GFSArtemisia(0)/m/n/12 Go-Home, Low
 []


Underfull \hbox (badness 10000) in paragraph at lines 348--348
[]|\EU1/GFSArtemisia(0)/m/n/12 2 level Low
 []


Underfull \hbox (badness 10000) in paragraph at lines 348--348
\EU1/GFSArtemisia(0)/m/n/12 Voltage
 []


Underfull \hbox (badness 10000) in paragraph at lines 348--348
\EU1/GFSArtemisia(0)/m/n/12 Protection, Go
 []


Underfull \hbox (badness 10000) in paragraph at lines 348--348
\EU1/GFSArtemisia(0)/m/n/12 Home, Auto
 []


Underfull \hbox (badness 10000) in paragraph at lines 349--349
[]|\EU1/GFSArtemisia(0)/m/n/12 Suitable wind
 []


Underfull \hbox (badness 10000) in paragraph at lines 349--349
[]|\EU1/GFSArtemisia(0)/m/n/12 < 8m/s
 []


Overfull \hbox (3.57936pt too wide) in paragraph at lines 349--349
\EU1/GFSArtemisia(0)/m/n/12 (17.9mph/28.8km/h)| 
 []


Underfull \hbox (badness 10000) in paragraph at lines 350--350
[]|\EU1/GFSArtemisia(0)/m/n/12 Σύνδεση πο-
 []


Underfull \hbox (badness 2005) in paragraph at lines 350--350
[]|\EU1/GFSArtemisia(0)/m/n/12 PCM or 2.4GHz
 []


Underfull \hbox (badness 10000) in paragraph at lines 350--350
\EU1/GFSArtemisia(0)/m/n/12 with minimum
 []


Underfull \hbox (badness 5217) in paragraph at lines 350--350
\EU1/GFSArtemisia(0)/m/n/12 7 channels and
 []


Underfull \hbox (badness 2443) in paragraph at lines 350--350
\EU1/GFSArtemisia(0)/m/n/12 Failsafe function
 []


Underfull \hbox (badness 3679) in paragraph at lines 350--350
\EU1/GFSArtemisia(0)/m/n/12 available on all
 []


Underfull \hbox (badness 3471) in paragraph at lines 351--351
[]|\EU1/GFSArtemisia(0)/m/n/12 Επιπλέον λει-
 []


Underfull \hbox (badness 10000) in paragraph at lines 353--353
[]|\EU1/GFSArtemisia(0)/m/n/12 MAX 5W
 []


Underfull \hbox (badness 10000) in paragraph at lines 353--353
\EU1/GFSArtemisia(0)/m/n/12 (0.9A@5V,
 []


Overfull \hbox (79.04736pt too wide) in paragraph at lines 353--353
\EU1/GFSArtemisia(0)/m/n/12 0.7A@5.8V,0.5A@7.4V,0.4A@8V)| 
 []


Underfull \hbox (badness 10000) in alignment at lines 348--355
[] [] [] [] []
 []


Underfull \hbox (badness 10000) has occurred while \output is active
[] [] [] [] []
 []

[18

]
Underfull \hbox (badness 10000) has occurred while \output is active
[] [] [] [] []
 []

[19]
Underfull \hbox (badness 10000) has occurred while \output is active
[] [] [] [] []
 []

[20]
Overfull \hbox (11.41606pt too wide) in paragraph at lines 367--369
 []\EU1/GFSArtemisia(0)/bx/n/12 πλατφόρμα της μηχανής[] \EU1
/GFSArtemisia(0)/m/n/12 Στα αγγλικά χρησιμοποιείται ο
 όρος ”gimbal”.
 []

[21

]
Package atveryend Info: Empty hook `BeforeClearDocument' on input line 387.
 [22]
Package atveryend Info: Empty hook `AfterLastShipout' on input line 387.
 (./TechnicalReportNo1.aux)
Package atveryend Info: Empty hook `AtVeryEndDocument' on input line 387.
Package atveryend Info: Empty hook `AtEndAfterFileList' on input line 387.
Package logreq Info: Writing requests to 'TechnicalReportNo1.run.xml'.
\openout1 = `TechnicalReportNo1.run.xml'.

 )
(\end occurred inside a group at level 6)

### simple group (level 6) entered at line 117 ({)
### simple group (level 5) entered at line 115 ({)
### simple group (level 4) entered at line 113 ({)
### simple group (level 3) entered at line 111 ({)
### simple group (level 2) entered at line 109 ({)
### simple group (level 1) entered at line 107 ({)
### bottom level 
Here is how much of TeX's memory you used:
 25063 strings out of 494004
 482629 string characters out of 3146426
 635081 words of memory out of 3000000
 27989 multiletter control sequences out of 15000+200000
 11793 words of font info for 79 fonts, out of 3000000 for 9000
 1144 hyphenation exceptions out of 8191
 44i,11n,44p,828b,726s stack positions out of 5000i,500n,10000p,200000b,50000s

Output written on TechnicalReportNo1.pdf (22 pages).
