\BOOKMARK [0][-]{Doc-Start}{Περιεχόμενα}{}% 1
\BOOKMARK [0][-]{section*.2}{Κατάλογος Σχημάτων}{}% 2
\BOOKMARK [0][-]{section*.4}{Κατάλογος Πινάκων}{}% 3
\BOOKMARK [0][-]{chapter.1}{Εισαγωγή}{}% 4
\BOOKMARK [1][-]{section.1.1}{Σκοπός}{chapter.1}% 5
\BOOKMARK [1][-]{section.1.2}{Παρεχόμενες υπηρεσίες}{chapter.1}% 6
\BOOKMARK [1][-]{section.1.3}{Προτεινόμενες εφαρμογές}{chapter.1}% 7
\BOOKMARK [1][-]{section.1.4}{Αγορά δραστηριοποίησης}{chapter.1}% 8
\BOOKMARK [1][-]{section.1.5}{Υπηρεσίες}{chapter.1}% 9
\BOOKMARK [0][-]{chapter.2}{Εταιρική Παρουσία}{}% 10
\BOOKMARK [1][-]{section.2.1}{Επωνυμία}{chapter.2}% 11
\BOOKMARK [2][-]{subsection.2.1.1}{Υλοποιήσεις}{section.2.1}% 12
\BOOKMARK [1][-]{section.2.2}{Λογότυπο}{chapter.2}% 13
\BOOKMARK [2][-]{subsection.2.2.1}{Υλοποιήσεις}{section.2.2}% 14
\BOOKMARK [1][-]{section.2.3}{Εταιρική κάρτα}{chapter.2}% 15
\BOOKMARK [2][-]{subsection.2.3.1}{Υλοποιήσεις}{section.2.3}% 16
\BOOKMARK [1][-]{section.2.4}{Εταιρικά έντυπα}{chapter.2}% 17
\BOOKMARK [1][-]{section.2.5}{Ιστοσελίδα}{chapter.2}% 18
\BOOKMARK [2][-]{subsection.2.5.1}{Ενδιαφέροντες υλοποιημένες προτάσεις}{section.2.5}% 19
\BOOKMARK [2][-]{subsection.2.5.2}{Υλοποιήσεις άλλων εταιριών}{section.2.5}% 20
